<?xml version="1.0" encoding="UTF-8"?>
<testsuites name="LoginTestSuite-Lab04" time="209.677" tests="7" failures="0" errors="0">
   <testsuite name="LoginTestSuite-Lab04" tests="7" failures="0" errors="0" time="209.677" skipped="0" timestamp="21-03-2024T16:20:35" hostname="Hua Tien Hao - AcerNitro" id="Test Suites/LoginTestSuite-Lab04">
      <properties>
         <property name="deviceName" value=""/>
         <property name="devicePlatform" value=""/>
         <property name="logFolder" value="C:\\Users\\Admin\\git\\LoginTesting-saucedemo.com\\Reports\\20240321_162031\\LoginTestSuite-Lab04\\20240321_162032"/>
         <property name="logFiles" value="C:\\Users\\Admin\\git\\LoginTesting-saucedemo.com\\Reports\\20240321_162031\\LoginTestSuite-Lab04\\20240321_162032\\execution0.log"/>
         <property name="attachments" value="C:\\Users\\Admin\\git\\LoginTesting-saucedemo.com\\Reports\\20240321_162031\\LoginTestSuite-Lab04\\20240321_162032\\1711013042903.png"/>
         <property name="hostName" value="Hua Tien Hao - AcerNitro"/>
         <property name="os" value="Windows 11 64bit"/>
         <property name="katalonVersion" value="9.3.1.212"/>
         <property name="browser" value="Chrome 122.0.0.0"/>
         <property name="hostAddress" value="192.168.1.4"/>
         <property name="sessionId" value="4e8e6de28efa43297958d2dde4c032b3"/>
         <property name="seleniumVersion" value="3.141.59"/>
         <property name="proxyInformation" value="ProxyInformation { proxyOption=NO_PROXY, proxyServerType=HTTP, username=, password=********, proxyServerAddress=, proxyServerPort=0, executionList=&quot;&quot;, isApplyToDesiredCapabilities=true }"/>
         <property name="platform" value="Windows 11"/>
      </properties>
      <testcase name="Test Cases/Login" time="8.207" classname="Test Cases/Login" status="PASSED">
         <system-out><![CDATA[21-03-2024T16:20:35 - [TEST_CASE][PASSED] - Test Cases/Login: Test Cases/Login

21-03-2024T16:20:35 - [TEST_STEP][PASSED] - openBrowser(""): Browser is opened with url: ''

21-03-2024T16:20:36 - [MESSAGE][INFO] - Starting 'Chrome' driver

21-03-2024T16:20:36 - [MESSAGE][INFO] - Action delay is set to 0 milliseconds

21-03-2024T16:20:37 - [MESSAGE][PASSED] - Browser is opened with url: ''

21-03-2024T16:20:37 - [TEST_STEP][PASSED] - navigateToUrl("https://www.saucedemo.com/"): Navigate to 'https://www.saucedemo.com/' successfully

21-03-2024T16:20:38 - [MESSAGE][PASSED] - Navigate to 'https://www.saucedemo.com/' successfully

21-03-2024T16:20:38 - [TEST_STEP][PASSED] - setText(findTestObject("Page_Swag Labs/input_user-name"), Username): Text '' is set on object 'Object Repository/Page_Swag Labs/input_user-name'

21-03-2024T16:20:40 - [MESSAGE][PASSED] - Text '' is set on object 'Object Repository/Page_Swag Labs/input_user-name'

21-03-2024T16:20:40 - [TEST_STEP][PASSED] - setText(findTestObject("Page_Swag Labs/input_password"), Password): Text 'secret_sauce' is set on object 'Object Repository/Page_Swag Labs/input_password'

21-03-2024T16:20:40 - [MESSAGE][PASSED] - Text 'secret_sauce' is set on object 'Object Repository/Page_Swag Labs/input_password'

21-03-2024T16:20:40 - [TEST_STEP][PASSED] - click(findTestObject("Page_Swag Labs/login-button")): Object: 'Object Repository/Page_Swag Labs/login-button' is clicked on

21-03-2024T16:20:40 - [MESSAGE][PASSED] - Object: 'Object Repository/Page_Swag Labs/login-button' is clicked on

21-03-2024T16:20:40 - [TEST_STEP][PASSED] - if (verifyElementPresent(findTestObject("Page_Swag Labs/ErrorMsg"), 0, OPTIONAL)): null

21-03-2024T16:20:40 - [MESSAGE][WARNING] - Timeout '0' is invalid. Using default page load timeout: '30'

21-03-2024T16:20:41 - [MESSAGE][PASSED] - Object 'Object Repository/Page_Swag Labs/ErrorMsg' is present

21-03-2024T16:20:41 - [TEST_STEP][PASSED] - verifyElementText(findTestObject("Page_Swag Labs/ErrorMsg"), ErrorMsg): Actual text and expected text of test object 'Object Repository/Page_Swag Labs/ErrorMsg' are matched.

21-03-2024T16:20:41 - [MESSAGE][PASSED] - Actual text and expected text of test object 'Object Repository/Page_Swag Labs/ErrorMsg' are matched.

21-03-2024T16:20:41 - [TEST_STEP][PASSED] - delay(2): Delayed 2 second(s)

21-03-2024T16:20:43 - [MESSAGE][PASSED] - Delayed 2 second(s)

21-03-2024T16:20:43 - [TEST_STEP][PASSED] - closeBrowser(): Browser is closed

21-03-2024T16:20:43 - [MESSAGE][PASSED] - Browser is closed]]></system-out>
         <system-err><![CDATA[]]></system-err>
      </testcase>
      <testcase name="Test Cases/Login" time="6.71" classname="Test Cases/Login" status="PASSED">
         <system-out><![CDATA[21-03-2024T16:20:43 - [TEST_CASE][PASSED] - Test Cases/Login: Test Cases/Login

21-03-2024T16:20:43 - [TEST_STEP][PASSED] - openBrowser(""): Browser is opened with url: ''

21-03-2024T16:20:43 - [MESSAGE][INFO] - Starting 'Chrome' driver

21-03-2024T16:20:43 - [MESSAGE][INFO] - Action delay is set to 0 milliseconds

21-03-2024T16:20:44 - [MESSAGE][PASSED] - Browser is opened with url: ''

21-03-2024T16:20:44 - [TEST_STEP][PASSED] - navigateToUrl("https://www.saucedemo.com/"): Navigate to 'https://www.saucedemo.com/' successfully

21-03-2024T16:20:44 - [MESSAGE][PASSED] - Navigate to 'https://www.saucedemo.com/' successfully

21-03-2024T16:20:44 - [TEST_STEP][PASSED] - setText(findTestObject("Page_Swag Labs/input_user-name"), Username): Text 'standard_user' is set on object 'Object Repository/Page_Swag Labs/input_user-name'

21-03-2024T16:20:46 - [MESSAGE][PASSED] - Text 'standard_user' is set on object 'Object Repository/Page_Swag Labs/input_user-name'

21-03-2024T16:20:46 - [TEST_STEP][PASSED] - setText(findTestObject("Page_Swag Labs/input_password"), Password): Text '' is set on object 'Object Repository/Page_Swag Labs/input_password'

21-03-2024T16:20:47 - [MESSAGE][PASSED] - Text '' is set on object 'Object Repository/Page_Swag Labs/input_password'

21-03-2024T16:20:47 - [TEST_STEP][PASSED] - click(findTestObject("Page_Swag Labs/login-button")): Object: 'Object Repository/Page_Swag Labs/login-button' is clicked on

21-03-2024T16:20:47 - [MESSAGE][PASSED] - Object: 'Object Repository/Page_Swag Labs/login-button' is clicked on

21-03-2024T16:20:47 - [TEST_STEP][PASSED] - if (verifyElementPresent(findTestObject("Page_Swag Labs/ErrorMsg"), 0, OPTIONAL)): null

21-03-2024T16:20:47 - [MESSAGE][WARNING] - Timeout '0' is invalid. Using default page load timeout: '30'

21-03-2024T16:20:48 - [MESSAGE][PASSED] - Object 'Object Repository/Page_Swag Labs/ErrorMsg' is present

21-03-2024T16:20:48 - [TEST_STEP][PASSED] - verifyElementText(findTestObject("Page_Swag Labs/ErrorMsg"), ErrorMsg): Actual text and expected text of test object 'Object Repository/Page_Swag Labs/ErrorMsg' are matched.

21-03-2024T16:20:48 - [MESSAGE][PASSED] - Actual text and expected text of test object 'Object Repository/Page_Swag Labs/ErrorMsg' are matched.

21-03-2024T16:20:48 - [TEST_STEP][PASSED] - delay(2): Delayed 2 second(s)

21-03-2024T16:20:50 - [MESSAGE][PASSED] - Delayed 2 second(s)

21-03-2024T16:20:50 - [TEST_STEP][PASSED] - closeBrowser(): Browser is closed

21-03-2024T16:20:50 - [MESSAGE][PASSED] - Browser is closed]]></system-out>
         <system-err><![CDATA[]]></system-err>
      </testcase>
      <testcase name="Test Cases/Login" time="6.75" classname="Test Cases/Login" status="PASSED">
         <system-out><![CDATA[21-03-2024T16:20:50 - [TEST_CASE][PASSED] - Test Cases/Login: Test Cases/Login

21-03-2024T16:20:50 - [TEST_STEP][PASSED] - openBrowser(""): Browser is opened with url: ''

21-03-2024T16:20:50 - [MESSAGE][INFO] - Starting 'Chrome' driver

21-03-2024T16:20:50 - [MESSAGE][INFO] - Action delay is set to 0 milliseconds

21-03-2024T16:20:51 - [MESSAGE][PASSED] - Browser is opened with url: ''

21-03-2024T16:20:51 - [TEST_STEP][PASSED] - navigateToUrl("https://www.saucedemo.com/"): Navigate to 'https://www.saucedemo.com/' successfully

21-03-2024T16:20:51 - [MESSAGE][PASSED] - Navigate to 'https://www.saucedemo.com/' successfully

21-03-2024T16:20:51 - [TEST_STEP][PASSED] - setText(findTestObject("Page_Swag Labs/input_user-name"), Username): Text '' is set on object 'Object Repository/Page_Swag Labs/input_user-name'

21-03-2024T16:20:53 - [MESSAGE][PASSED] - Text '' is set on object 'Object Repository/Page_Swag Labs/input_user-name'

21-03-2024T16:20:53 - [TEST_STEP][PASSED] - setText(findTestObject("Page_Swag Labs/input_password"), Password): Text '' is set on object 'Object Repository/Page_Swag Labs/input_password'

21-03-2024T16:20:54 - [MESSAGE][PASSED] - Text '' is set on object 'Object Repository/Page_Swag Labs/input_password'

21-03-2024T16:20:54 - [TEST_STEP][PASSED] - click(findTestObject("Page_Swag Labs/login-button")): Object: 'Object Repository/Page_Swag Labs/login-button' is clicked on

21-03-2024T16:20:54 - [MESSAGE][PASSED] - Object: 'Object Repository/Page_Swag Labs/login-button' is clicked on

21-03-2024T16:20:54 - [TEST_STEP][PASSED] - if (verifyElementPresent(findTestObject("Page_Swag Labs/ErrorMsg"), 0, OPTIONAL)): null

21-03-2024T16:20:54 - [MESSAGE][WARNING] - Timeout '0' is invalid. Using default page load timeout: '30'

21-03-2024T16:20:54 - [MESSAGE][PASSED] - Object 'Object Repository/Page_Swag Labs/ErrorMsg' is present

21-03-2024T16:20:54 - [TEST_STEP][PASSED] - verifyElementText(findTestObject("Page_Swag Labs/ErrorMsg"), ErrorMsg): Actual text and expected text of test object 'Object Repository/Page_Swag Labs/ErrorMsg' are matched.

21-03-2024T16:20:55 - [MESSAGE][PASSED] - Actual text and expected text of test object 'Object Repository/Page_Swag Labs/ErrorMsg' are matched.

21-03-2024T16:20:55 - [TEST_STEP][PASSED] - delay(2): Delayed 2 second(s)

21-03-2024T16:20:57 - [MESSAGE][PASSED] - Delayed 2 second(s)

21-03-2024T16:20:57 - [TEST_STEP][PASSED] - closeBrowser(): Browser is closed

21-03-2024T16:20:57 - [MESSAGE][PASSED] - Browser is closed]]></system-out>
         <system-err><![CDATA[]]></system-err>
      </testcase>
      <testcase name="Test Cases/Login" time="40.107" classname="Test Cases/Login" status="PASSED">
         <system-out><![CDATA[21-03-2024T16:20:57 - [TEST_CASE][PASSED] - Test Cases/Login: Test Cases/Login

21-03-2024T16:20:57 - [TEST_STEP][PASSED] - openBrowser(""): Browser is opened with url: ''

21-03-2024T16:20:57 - [MESSAGE][INFO] - Starting 'Chrome' driver

21-03-2024T16:20:57 - [MESSAGE][INFO] - Action delay is set to 0 milliseconds

21-03-2024T16:20:57 - [MESSAGE][PASSED] - Browser is opened with url: ''

21-03-2024T16:20:57 - [TEST_STEP][PASSED] - navigateToUrl("https://www.saucedemo.com/"): Navigate to 'https://www.saucedemo.com/' successfully

21-03-2024T16:20:58 - [MESSAGE][PASSED] - Navigate to 'https://www.saucedemo.com/' successfully

21-03-2024T16:20:58 - [TEST_STEP][PASSED] - setText(findTestObject("Page_Swag Labs/input_user-name"), Username): Text 'abc' is set on object 'Object Repository/Page_Swag Labs/input_user-name'

21-03-2024T16:21:00 - [MESSAGE][PASSED] - Text 'abc' is set on object 'Object Repository/Page_Swag Labs/input_user-name'

21-03-2024T16:21:00 - [TEST_STEP][PASSED] - setText(findTestObject("Page_Swag Labs/input_password"), Password): Text 'secret_sauce' is set on object 'Object Repository/Page_Swag Labs/input_password'

21-03-2024T16:21:00 - [MESSAGE][PASSED] - Text 'secret_sauce' is set on object 'Object Repository/Page_Swag Labs/input_password'

21-03-2024T16:21:00 - [TEST_STEP][PASSED] - click(findTestObject("Page_Swag Labs/login-button")): Object: 'Object Repository/Page_Swag Labs/login-button' is clicked on

21-03-2024T16:21:01 - [MESSAGE][PASSED] - Object: 'Object Repository/Page_Swag Labs/login-button' is clicked on

21-03-2024T16:21:01 - [TEST_STEP][PASSED] - if (verifyElementPresent(findTestObject("Page_Swag Labs/ErrorMsg"), 0, OPTIONAL)): null

21-03-2024T16:21:01 - [MESSAGE][WARNING] - Timeout '0' is invalid. Using default page load timeout: '30'

21-03-2024T16:21:05 - [MESSAGE][PASSED] - Object 'Object Repository/Page_Swag Labs/ErrorMsg' is present

21-03-2024T16:21:05 - [TEST_STEP][PASSED] - verifyElementText(findTestObject("Page_Swag Labs/ErrorMsg"), ErrorMsg): Actual text and expected text of test object 'Object Repository/Page_Swag Labs/ErrorMsg' are matched.

21-03-2024T16:21:35 - [MESSAGE][PASSED] - Actual text and expected text of test object 'Object Repository/Page_Swag Labs/ErrorMsg' are matched.

21-03-2024T16:21:35 - [TEST_STEP][PASSED] - delay(2): Delayed 2 second(s)

21-03-2024T16:21:37 - [MESSAGE][PASSED] - Delayed 2 second(s)

21-03-2024T16:21:37 - [TEST_STEP][PASSED] - closeBrowser(): Browser is closed

21-03-2024T16:21:37 - [MESSAGE][PASSED] - Browser is closed]]></system-out>
         <system-err><![CDATA[]]></system-err>
      </testcase>
      <testcase name="Test Cases/Login" time="43.783" classname="Test Cases/Login" status="PASSED">
         <system-out><![CDATA[21-03-2024T16:21:37 - [TEST_CASE][PASSED] - Test Cases/Login: Test Cases/Login

21-03-2024T16:21:37 - [TEST_STEP][PASSED] - openBrowser(""): Browser is opened with url: ''

21-03-2024T16:21:37 - [MESSAGE][INFO] - Starting 'Chrome' driver

21-03-2024T16:21:37 - [MESSAGE][INFO] - Action delay is set to 0 milliseconds

21-03-2024T16:21:38 - [MESSAGE][PASSED] - Browser is opened with url: ''

21-03-2024T16:21:38 - [TEST_STEP][PASSED] - navigateToUrl("https://www.saucedemo.com/"): Navigate to 'https://www.saucedemo.com/' successfully

21-03-2024T16:21:38 - [MESSAGE][PASSED] - Navigate to 'https://www.saucedemo.com/' successfully

21-03-2024T16:21:38 - [TEST_STEP][PASSED] - setText(findTestObject("Page_Swag Labs/input_user-name"), Username): Text 'standard_user' is set on object 'Object Repository/Page_Swag Labs/input_user-name'

21-03-2024T16:21:40 - [MESSAGE][PASSED] - Text 'standard_user' is set on object 'Object Repository/Page_Swag Labs/input_user-name'

21-03-2024T16:21:40 - [TEST_STEP][PASSED] - setText(findTestObject("Page_Swag Labs/input_password"), Password): Text 'abc' is set on object 'Object Repository/Page_Swag Labs/input_password'

21-03-2024T16:21:40 - [MESSAGE][PASSED] - Text 'abc' is set on object 'Object Repository/Page_Swag Labs/input_password'

21-03-2024T16:21:40 - [TEST_STEP][PASSED] - click(findTestObject("Page_Swag Labs/login-button")): Object: 'Object Repository/Page_Swag Labs/login-button' is clicked on

21-03-2024T16:21:41 - [MESSAGE][PASSED] - Object: 'Object Repository/Page_Swag Labs/login-button' is clicked on

21-03-2024T16:21:41 - [TEST_STEP][PASSED] - if (verifyElementPresent(findTestObject("Page_Swag Labs/ErrorMsg"), 0, OPTIONAL)): null

21-03-2024T16:21:41 - [MESSAGE][WARNING] - Timeout '0' is invalid. Using default page load timeout: '30'

21-03-2024T16:22:11 - [MESSAGE][PASSED] - Object 'Object Repository/Page_Swag Labs/ErrorMsg' is present

21-03-2024T16:22:11 - [TEST_STEP][PASSED] - verifyElementText(findTestObject("Page_Swag Labs/ErrorMsg"), ErrorMsg): Actual text and expected text of test object 'Object Repository/Page_Swag Labs/ErrorMsg' are matched.

21-03-2024T16:22:19 - [MESSAGE][PASSED] - Actual text and expected text of test object 'Object Repository/Page_Swag Labs/ErrorMsg' are matched.

21-03-2024T16:22:19 - [TEST_STEP][PASSED] - delay(2): Delayed 2 second(s)

21-03-2024T16:22:21 - [MESSAGE][PASSED] - Delayed 2 second(s)

21-03-2024T16:22:21 - [TEST_STEP][PASSED] - closeBrowser(): Browser is closed

21-03-2024T16:22:21 - [MESSAGE][PASSED] - Browser is closed]]></system-out>
         <system-err><![CDATA[]]></system-err>
      </testcase>
      <testcase name="Test Cases/Login" time="66.06" classname="Test Cases/Login" status="PASSED">
         <system-out><![CDATA[21-03-2024T16:22:21 - [TEST_CASE][PASSED] - Test Cases/Login: Test Cases/Login

21-03-2024T16:22:21 - [TEST_STEP][PASSED] - openBrowser(""): Browser is opened with url: ''

21-03-2024T16:22:21 - [MESSAGE][INFO] - Starting 'Chrome' driver

21-03-2024T16:22:21 - [MESSAGE][INFO] - Action delay is set to 0 milliseconds

21-03-2024T16:22:21 - [MESSAGE][PASSED] - Browser is opened with url: ''

21-03-2024T16:22:21 - [TEST_STEP][PASSED] - navigateToUrl("https://www.saucedemo.com/"): Navigate to 'https://www.saucedemo.com/' successfully

21-03-2024T16:22:22 - [MESSAGE][PASSED] - Navigate to 'https://www.saucedemo.com/' successfully

21-03-2024T16:22:22 - [TEST_STEP][PASSED] - setText(findTestObject("Page_Swag Labs/input_user-name"), Username): Text 'abc' is set on object 'Object Repository/Page_Swag Labs/input_user-name'

21-03-2024T16:22:24 - [MESSAGE][PASSED] - Text 'abc' is set on object 'Object Repository/Page_Swag Labs/input_user-name'

21-03-2024T16:22:24 - [TEST_STEP][PASSED] - setText(findTestObject("Page_Swag Labs/input_password"), Password): Text 'abc' is set on object 'Object Repository/Page_Swag Labs/input_password'

21-03-2024T16:22:24 - [MESSAGE][PASSED] - Text 'abc' is set on object 'Object Repository/Page_Swag Labs/input_password'

21-03-2024T16:22:24 - [TEST_STEP][PASSED] - click(findTestObject("Page_Swag Labs/login-button")): Object: 'Object Repository/Page_Swag Labs/login-button' is clicked on

21-03-2024T16:22:25 - [MESSAGE][PASSED] - Object: 'Object Repository/Page_Swag Labs/login-button' is clicked on

21-03-2024T16:22:25 - [TEST_STEP][PASSED] - if (verifyElementPresent(findTestObject("Page_Swag Labs/ErrorMsg"), 0, OPTIONAL)): null

21-03-2024T16:22:25 - [MESSAGE][WARNING] - Timeout '0' is invalid. Using default page load timeout: '30'

21-03-2024T16:22:55 - [MESSAGE][PASSED] - Object 'Object Repository/Page_Swag Labs/ErrorMsg' is present

21-03-2024T16:22:55 - [TEST_STEP][PASSED] - verifyElementText(findTestObject("Page_Swag Labs/ErrorMsg"), ErrorMsg): Actual text and expected text of test object 'Object Repository/Page_Swag Labs/ErrorMsg' are matched.

21-03-2024T16:23:25 - [MESSAGE][PASSED] - Actual text and expected text of test object 'Object Repository/Page_Swag Labs/ErrorMsg' are matched.

21-03-2024T16:23:25 - [TEST_STEP][PASSED] - delay(2): Delayed 2 second(s)

21-03-2024T16:23:27 - [MESSAGE][PASSED] - Delayed 2 second(s)

21-03-2024T16:23:27 - [TEST_STEP][PASSED] - closeBrowser(): Browser is closed

21-03-2024T16:23:27 - [MESSAGE][PASSED] - Browser is closed]]></system-out>
         <system-err><![CDATA[]]></system-err>
      </testcase>
      <testcase name="Test Cases/Login" time="37.76" classname="Test Cases/Login" status="PASSED">
         <system-out><![CDATA[21-03-2024T16:23:27 - [TEST_CASE][PASSED] - Test Cases/Login: Test Cases/Login

21-03-2024T16:23:27 - [TEST_STEP][PASSED] - openBrowser(""): Browser is opened with url: ''

21-03-2024T16:23:27 - [MESSAGE][INFO] - Starting 'Chrome' driver

21-03-2024T16:23:27 - [MESSAGE][INFO] - Action delay is set to 0 milliseconds

21-03-2024T16:23:27 - [MESSAGE][PASSED] - Browser is opened with url: ''

21-03-2024T16:23:27 - [TEST_STEP][PASSED] - navigateToUrl("https://www.saucedemo.com/"): Navigate to 'https://www.saucedemo.com/' successfully

21-03-2024T16:23:28 - [MESSAGE][PASSED] - Navigate to 'https://www.saucedemo.com/' successfully

21-03-2024T16:23:28 - [TEST_STEP][PASSED] - setText(findTestObject("Page_Swag Labs/input_user-name"), Username): Text 'standard_user' is set on object 'Object Repository/Page_Swag Labs/input_user-name'

21-03-2024T16:23:30 - [MESSAGE][PASSED] - Text 'standard_user' is set on object 'Object Repository/Page_Swag Labs/input_user-name'

21-03-2024T16:23:30 - [TEST_STEP][PASSED] - setText(findTestObject("Page_Swag Labs/input_password"), Password): Text 'secret_sauce' is set on object 'Object Repository/Page_Swag Labs/input_password'

21-03-2024T16:23:31 - [MESSAGE][PASSED] - Text 'secret_sauce' is set on object 'Object Repository/Page_Swag Labs/input_password'

21-03-2024T16:23:31 - [TEST_STEP][PASSED] - click(findTestObject("Page_Swag Labs/login-button")): Object: 'Object Repository/Page_Swag Labs/login-button' is clicked on

21-03-2024T16:23:31 - [MESSAGE][PASSED] - Object: 'Object Repository/Page_Swag Labs/login-button' is clicked on

21-03-2024T16:23:31 - [TEST_STEP][PASSED] - if (verifyElementPresent(findTestObject("Page_Swag Labs/ErrorMsg"), 0, OPTIONAL)): com.kms.katalon.core.webui.exception.WebElementNotFoundException: Web element with id: 'Object Repository/Page_Swag Labs/ErrorMsg' located by '//div[@id='login_button_container']/div/form/div[3]/h3' not found (Root cause: com.kms.katalon.core.exception.StepFailedException: com.kms.katalon.core.webui.exception.WebElementNotFoundException: Web element with id: 'Object Repository/Page_Swag Labs/ErrorMsg' located by '//div[@id='login_button_container']/div/form/div[3]/h3' not found
	at com.kms.katalon.core.webui.keyword.internal.WebUIKeywordMain.stepFailed(WebUIKeywordMain.groovy:64)
	at com.kms.katalon.core.webui.keyword.builtin.VerifyElementPresentKeyword$_verifyElementPresent_closure1.doCall(VerifyElementPresentKeyword.groovy:85)
	at com.kms.katalon.core.webui.keyword.builtin.VerifyElementPresentKeyword$_verifyElementPresent_closure1.call(VerifyElementPresentKeyword.groovy)
	at com.kms.katalon.core.webui.keyword.internal.WebUIKeywordMain.runKeyword(WebUIKeywordMain.groovy:20)
	at com.kms.katalon.core.webui.keyword.builtin.VerifyElementPresentKeyword.verifyElementPresent(VerifyElementPresentKeyword.groovy:92)
	at com.kms.katalon.core.webui.keyword.builtin.VerifyElementPresentKeyword.execute(VerifyElementPresentKeyword.groovy:68)
	at com.kms.katalon.core.keyword.internal.KeywordExecutor.executeKeywordForPlatform(KeywordExecutor.groovy:74)
	at com.kms.katalon.core.webui.keyword.WebUiBuiltInKeywords.verifyElementPresent(WebUiBuiltInKeywords.groovy:1487)
	at Login.run(Login:30)
	at com.kms.katalon.core.main.ScriptEngine.run(ScriptEngine.java:194)
	at com.kms.katalon.core.main.ScriptEngine.runScriptAsRawText(ScriptEngine.java:119)
	at com.kms.katalon.core.main.TestCaseExecutor.runScript(TestCaseExecutor.java:448)
	at com.kms.katalon.core.main.TestCaseExecutor.doExecute(TestCaseExecutor.java:439)
	at com.kms.katalon.core.main.TestCaseExecutor.processExecutionPhase(TestCaseExecutor.java:418)
	at com.kms.katalon.core.main.TestCaseExecutor.accessMainPhase(TestCaseExecutor.java:410)
	at com.kms.katalon.core.main.TestCaseExecutor.execute(TestCaseExecutor.java:285)
	at com.kms.katalon.core.common.CommonExecutor.accessTestCaseMainPhase(CommonExecutor.java:65)
	at com.kms.katalon.core.main.TestSuiteExecutor.accessTestSuiteMainPhase(TestSuiteExecutor.java:148)
	at com.kms.katalon.core.main.TestSuiteExecutor.execute(TestSuiteExecutor.java:106)
	at com.kms.katalon.core.main.TestCaseMain.startTestSuite(TestCaseMain.java:180)
	at TempTestSuite1711012832739.run(TempTestSuite1711012832739.groovy:35)
	at java.base/jdk.internal.reflect.NativeMethodAccessorImpl.invoke0(Native Method)
	at java.base/jdk.internal.reflect.NativeMethodAccessorImpl.invoke(NativeMethodAccessorImpl.java:77)
	at java.base/jdk.internal.reflect.DelegatingMethodAccessorImpl.invoke(DelegatingMethodAccessorImpl.java:43)
)

21-03-2024T16:23:31 - [MESSAGE][WARNING] - Timeout '0' is invalid. Using default page load timeout: '30'

21-03-2024T16:24:02 - [MESSAGE][INFO] - Unable to find the element located by 'By.xpath: //div[@id='login_button_container']/div/form/div[3]/h3'. Please recheck the objects properties to make sure the desired element is located. 

21-03-2024T16:24:03 - [MESSAGE][WARNING] - com.kms.katalon.core.webui.exception.WebElementNotFoundException: Web element with id: 'Object Repository/Page_Swag Labs/ErrorMsg' located by '//div[@id='login_button_container']/div/form/div[3]/h3' not found (Root cause: com.kms.katalon.core.exception.StepFailedException: com.kms.katalon.core.webui.exception.WebElementNotFoundException: Web element with id: 'Object Repository/Page_Swag Labs/ErrorMsg' located by '//div[@id='login_button_container']/div/form/div[3]/h3' not found
	at com.kms.katalon.core.webui.keyword.internal.WebUIKeywordMain.stepFailed(WebUIKeywordMain.groovy:64)
	at com.kms.katalon.core.webui.keyword.builtin.VerifyElementPresentKeyword$_verifyElementPresent_closure1.doCall(VerifyElementPresentKeyword.groovy:85)
	at com.kms.katalon.core.webui.keyword.builtin.VerifyElementPresentKeyword$_verifyElementPresent_closure1.call(VerifyElementPresentKeyword.groovy)
	at com.kms.katalon.core.webui.keyword.internal.WebUIKeywordMain.runKeyword(WebUIKeywordMain.groovy:20)
	at com.kms.katalon.core.webui.keyword.builtin.VerifyElementPresentKeyword.verifyElementPresent(VerifyElementPresentKeyword.groovy:92)
	at com.kms.katalon.core.webui.keyword.builtin.VerifyElementPresentKeyword.execute(VerifyElementPresentKeyword.groovy:68)
	at com.kms.katalon.core.keyword.internal.KeywordExecutor.executeKeywordForPlatform(KeywordExecutor.groovy:74)
	at com.kms.katalon.core.webui.keyword.WebUiBuiltInKeywords.verifyElementPresent(WebUiBuiltInKeywords.groovy:1487)
	at Login.run(Login:30)
	at com.kms.katalon.core.main.ScriptEngine.run(ScriptEngine.java:194)
	at com.kms.katalon.core.main.ScriptEngine.runScriptAsRawText(ScriptEngine.java:119)
	at com.kms.katalon.core.main.TestCaseExecutor.runScript(TestCaseExecutor.java:448)
	at com.kms.katalon.core.main.TestCaseExecutor.doExecute(TestCaseExecutor.java:439)
	at com.kms.katalon.core.main.TestCaseExecutor.processExecutionPhase(TestCaseExecutor.java:418)
	at com.kms.katalon.core.main.TestCaseExecutor.accessMainPhase(TestCaseExecutor.java:410)
	at com.kms.katalon.core.main.TestCaseExecutor.execute(TestCaseExecutor.java:285)
	at com.kms.katalon.core.common.CommonExecutor.accessTestCaseMainPhase(CommonExecutor.java:65)
	at com.kms.katalon.core.main.TestSuiteExecutor.accessTestSuiteMainPhase(TestSuiteExecutor.java:148)
	at com.kms.katalon.core.main.TestSuiteExecutor.execute(TestSuiteExecutor.java:106)
	at com.kms.katalon.core.main.TestCaseMain.startTestSuite(TestCaseMain.java:180)
	at TempTestSuite1711012832739.run(TempTestSuite1711012832739.groovy:35)
	at java.base/jdk.internal.reflect.NativeMethodAccessorImpl.invoke0(Native Method)
	at java.base/jdk.internal.reflect.NativeMethodAccessorImpl.invoke(NativeMethodAccessorImpl.java:77)
	at java.base/jdk.internal.reflect.DelegatingMethodAccessorImpl.invoke(DelegatingMethodAccessorImpl.java:43)
)
[[ATTACHMENT|C:\\Users\\Admin\\git\\LoginTesting-saucedemo.com\\Reports\\20240321_162031\\LoginTestSuite-Lab04\\20240321_162032\\1711013042903.png]]

21-03-2024T16:24:03 - [TEST_STEP][PASSED] - delay(2): Delayed 2 second(s)

21-03-2024T16:24:05 - [MESSAGE][PASSED] - Delayed 2 second(s)

21-03-2024T16:24:05 - [TEST_STEP][PASSED] - closeBrowser(): Browser is closed

21-03-2024T16:24:05 - [MESSAGE][PASSED] - Browser is closed]]></system-out>
         <system-err><![CDATA[]]></system-err>
      </testcase>
      <system-out><![CDATA[21-03-2024T16:20:35 - [TEST_SUITE][PASSED] - LoginTestSuite-Lab04: Test Cases/Login]]></system-out>
      <system-err><![CDATA[]]></system-err>
   </testsuite>
</testsuites>
